<?xml version="1.0" encoding="UTF-8"?>
<!-- Generated by org.testng.reporters.JUnitReportReporter -->
<testsuite hostname="DESKTOP-CBDV09A" failures="0" tests="1" name="iotConnect.LoginAfterActivationTest" time="28.640" errors="0" timestamp="2020-05-10T20:38:02 IST" skipped="0">
  <testcase classname="iotConnect.LoginAfterActivationTest" name="loginactivate" time="28.640"/>
  <system-out/>
</testsuite> <!-- iotConnect.LoginAfterActivationTest -->
