<?xml version="1.0" encoding="UTF-8"?>
<!-- Generated by org.testng.reporters.JUnitReportReporter -->
<testsuite hostname="BLRL-10BHW33" failures="0" tests="1" name="iotConnect.ForgotPasswordTest" time="27.679" errors="0" timestamp="2021-08-22T16:55:39 IST" skipped="0">
  <testcase classname="iotConnect.ForgotPasswordTest" name="forgotPassword" time="27.679"/>
  <system-out/>
</testsuite> <!-- iotConnect.ForgotPasswordTest -->
