<?xml version="1.0" encoding="UTF-8"?>
<!-- Generated by org.testng.reporters.JUnitReportReporter -->
<testsuite hostname="BLRL-10BHW33" failures="0" tests="2" name="iotConnect.AddRoomTest" time="56.032" errors="0" timestamp="2021-08-22T16:55:39 IST" skipped="0">
  <testcase classname="iotConnect.AddRoomTest" name="addRoom" time="26.584"/>
  <system-out/>
  <testcase classname="iotConnect.AddRoomTest" name="addRoom" time="29.448"/>
  <system-out/>
</testsuite> <!-- iotConnect.AddRoomTest -->
