<?xml version="1.0" encoding="UTF-8"?>
<!-- Generated by org.testng.reporters.JUnitReportReporter -->
<testsuite hostname="DESKTOP-CBDV09A" failures="0" tests="2" name="iotConnect.LoginTest" time="92.077" errors="0" timestamp="2020-04-29T13:00:09 IST" skipped="0">
  <testcase classname="iotConnect.LoginTest" name="loginiot" time="45.499"/>
  <system-out/>
  <testcase classname="iotConnect.LoginTest" name="loginiot" time="46.578"/>
  <system-out/>
</testsuite> <!-- iotConnect.LoginTest -->
