<?xml version="1.0" encoding="UTF-8"?>
<!-- Generated by org.testng.reporters.JUnitReportReporter -->
<testsuite hostname="DESKTOP-CBDV09A" failures="0" tests="1" name="iotConnect.RelayONorOFFTest" time="30.639" errors="0" timestamp="2020-04-27T18:40:52 IST" skipped="0">
  <testcase classname="iotConnect.RelayONorOFFTest" name="relaytest" time="30.639"/>
  <system-out/>
</testsuite> <!-- iotConnect.RelayONorOFFTest -->
