<?xml version="1.0" encoding="UTF-8"?>
<!-- Generated by org.testng.reporters.JUnitReportReporter -->
<testsuite hostname="DESKTOP-CBDV09A" failures="0" tests="1" name="iotConnect.DeleteRoomTest" time="33.684" errors="0" timestamp="08 Feb 2020 08:36:42 GMT" skipped="0">
  <testcase classname="iotConnect.DeleteRoomTest" name="delete" time="33.684"/>
</testsuite> <!-- iotConnect.DeleteRoomTest -->
