<?xml version="1.0" encoding="UTF-8"?>
<!-- Generated by org.testng.reporters.JUnitReportReporter -->
<testsuite hostname="BLRL-10BHW33" failures="0" tests="2" name="iotConnect.CreateAccountTest" time="95.458" errors="0" timestamp="2021-08-22T00:00:03 IST" skipped="0">
  <testcase classname="iotConnect.CreateAccountTest" name="AccountDetails" time="51.082"/>
  <system-out/>
  <testcase classname="iotConnect.CreateAccountTest" name="AccountDetails" time="44.376"/>
  <system-out/>
</testsuite> <!-- iotConnect.CreateAccountTest -->
