<?xml version="1.0" encoding="UTF-8"?>
<!-- Generated by org.testng.reporters.JUnitReportReporter -->
<testsuite hostname="BLRL-10BHW33" failures="0" tests="1" name="iotConnect.LoginAfterActivationTest" time="20.780" errors="0" timestamp="2021-08-22T13:07:34 IST" skipped="0">
  <testcase classname="iotConnect.LoginAfterActivationTest" name="loginactivate" time="20.780"/>
  <system-out/>
</testsuite> <!-- iotConnect.LoginAfterActivationTest -->
