<?xml version="1.0" encoding="UTF-8"?>
<!-- Generated by org.testng.reporters.JUnitReportReporter -->
<testsuite hostname="BLRL-10BHW33" failures="0" tests="1" name="iotConnect.RelayONorOFFTest" time="36.083" errors="0" timestamp="2021-08-22T16:55:39 IST" skipped="0">
  <testcase classname="iotConnect.RelayONorOFFTest" name="relayTurnOnOff" time="36.083"/>
  <system-out/>
</testsuite> <!-- iotConnect.RelayONorOFFTest -->
