<?xml version="1.0" encoding="UTF-8"?>
<!-- Generated by org.testng.reporters.JUnitReportReporter -->
<testsuite hostname="DESKTOP-CBDV09A" failures="0" tests="1" name="iotConnect.DeviceStatusTest" time="28.622" errors="0" timestamp="2020-04-27T18:06:35 IST" skipped="0">
  <testcase classname="iotConnect.DeviceStatusTest" name="devicestatus" time="28.622"/>
  <system-out/>
</testsuite> <!-- iotConnect.DeviceStatusTest -->
