<?xml version="1.0" encoding="UTF-8"?>
<!-- Generated by org.testng.reporters.JUnitReportReporter -->
<testsuite hostname="DESKTOP-CBDV09A" failures="0" tests="2" name="iotConnect.AddRoomTest" time="69.222" errors="0" timestamp="2020-05-10T20:38:02 IST" skipped="0">
  <testcase classname="iotConnect.AddRoomTest" name="Add" time="34.415"/>
  <system-out/>
  <testcase classname="iotConnect.AddRoomTest" name="Add" time="34.807"/>
  <system-out/>
</testsuite> <!-- iotConnect.AddRoomTest -->
