<?xml version="1.0" encoding="UTF-8"?>
<!-- Generated by org.testng.reporters.JUnitReportReporter -->
<testsuite hostname="DESKTOP-CBDV09A" failures="0" tests="1" name="iotConnect.DeviceStatusTest" time="33.848" errors="0" timestamp="2020-04-27T15:46:17 IST" skipped="0">
  <testcase classname="iotConnect.DeviceStatusTest" name="devicestatus" time="33.848"/>
  <system-out/>
</testsuite> <!-- iotConnect.DeviceStatusTest -->
