<?xml version="1.0" encoding="UTF-8"?>
<!-- Generated by org.testng.reporters.JUnitReportReporter -->
<testsuite hostname="DESKTOP-CBDV09A" failures="0" tests="2" name="iotConnect.LoginTest" time="98.560" errors="0" timestamp="2020-05-10T20:38:02 IST" skipped="0">
  <testcase classname="iotConnect.LoginTest" name="loginiot" time="49.245"/>
  <system-out/>
  <testcase classname="iotConnect.LoginTest" name="loginiot" time="49.315"/>
  <system-out/>
</testsuite> <!-- iotConnect.LoginTest -->
