<?xml version="1.0" encoding="UTF-8"?>
<!-- Generated by org.testng.reporters.JUnitReportReporter -->
<testsuite hostname="BLRL-10BHW33" failures="0" tests="2" name="iotConnect.LoginTest" time="66.622" errors="0" timestamp="2021-08-22T19:32:12 IST" skipped="0">
  <testcase classname="iotConnect.LoginTest" name="login" time="37.056"/>
  <system-out/>
  <testcase classname="iotConnect.LoginTest" name="login" time="29.566"/>
  <system-out/>
</testsuite> <!-- iotConnect.LoginTest -->
