<?xml version="1.0" encoding="UTF-8"?>
<!-- Generated by org.testng.reporters.JUnitReportReporter -->
<testsuite hostname="BLRL-10BHW33" failures="0" tests="1" name="iotConnect.AddDeviceTest" time="40.699" errors="0" timestamp="2021-08-21T19:04:05 IST" skipped="0">
  <testcase classname="iotConnect.AddDeviceTest" name="Add" time="40.699"/>
  <system-out/>
</testsuite> <!-- iotConnect.AddDeviceTest -->
