<?xml version="1.0" encoding="UTF-8"?>
<!-- Generated by org.testng.reporters.JUnitReportReporter -->
<testsuite hostname="DESKTOP-CBDV09A" failures="0" tests="1" name="iotConnect.DemoTest" time="0.008" errors="0" timestamp="24 Jan 2020 15:39:18 GMT" skipped="0">
  <testcase classname="iotConnect.DemoTest" name="printtest" time="0.008"/>
</testsuite> <!-- iotConnect.DemoTest -->
